<?xml version="1.0" encoding="UTF-8"?>
<!-- Generated by org.testng.reporters.JUnitXMLReporter -->
<testsuite hostname="DIN13002484" ignored="0" name="Test" tests="4" failures="0" timestamp="27 Mar 2019 14:42:40 GMT" time="26.907" errors="0">
  <testcase name="@BeforeMethod launchBrowserAndNavigation" time="4.301" classname="com.task.leadsschool.in.LeadSchoolTask.TestClass">
    <failure type="org.openqa.selenium.WebDriverException" message="unknown error: cannot determine loading status
from unknown error: cannot determine loading status
from disconnected: unable to send message to renderer
  (Session info: chrome=73.0.3683.86)
  (Driver info: chromedriver=2.36.540470 (e522d04694c7ebea4ba8821272dbef4f9b818c91),platform=Windows NT 6.1.7601 SP1 x86_64) (WARNING: The server did not provide any stacktrace information)
Command duration or timeout: 0 milliseconds
Build info: version: &amp;apos;3.141.59&amp;apos;, revision: &amp;apos;e82be7d358&amp;apos;, time: &amp;apos;2018-11-14T08:17:03&amp;apos;
System info: host: &amp;apos;DIN13002484&amp;apos;, ip: &amp;apos;10.236.76.6&amp;apos;, os.name: &amp;apos;Windows 7&amp;apos;, os.arch: &amp;apos;amd64&amp;apos;, os.version: &amp;apos;6.1&amp;apos;, java.version: &amp;apos;1.8.0_161&amp;apos;
Driver info: org.openqa.selenium.chrome.ChromeDriver
Capabilities {acceptInsecureCerts: false, acceptSslCerts: false, applicationCacheEnabled: false, browserConnectionEnabled: false, browserName: chrome, chrome: {chromedriverVersion: 2.36.540470 (e522d04694c7eb..., userDataDir: C:\Users\sumodadu\AppData\L...}, cssSelectorsEnabled: true, databaseEnabled: false, handlesAlerts: true, hasTouchScreen: false, javascriptEnabled: true, locationContextEnabled: true, mobileEmulationEnabled: false, nativeEvents: true, networkConnectionEnabled: false, pageLoadStrategy: normal, platform: XP, platformName: XP, rotatable: false, setWindowRect: true, takesHeapSnapshot: true, takesScreenshot: true, unexpectedAlertBehaviour: , unhandledPromptBehavior: , version: 73.0.3683.86, webStorageEnabled: true}
Session ID: 7b9a87237fa524b0ba96d118d6bf8aac">
      <![CDATA[org.openqa.selenium.WebDriverException: unknown error: cannot determine loading status
from unknown error: cannot determine loading status
from disconnected: unable to send message to renderer
  (Session info: chrome=73.0.3683.86)
  (Driver info: chromedriver=2.36.540470 (e522d04694c7ebea4ba8821272dbef4f9b818c91),platform=Windows NT 6.1.7601 SP1 x86_64) (WARNING: The server did not provide any stacktrace information)
Command duration or timeout: 0 milliseconds
Build info: version: '3.141.59', revision: 'e82be7d358', time: '2018-11-14T08:17:03'
System info: host: 'DIN13002484', ip: '10.236.76.6', os.name: 'Windows 7', os.arch: 'amd64', os.version: '6.1', java.version: '1.8.0_161'
Driver info: org.openqa.selenium.chrome.ChromeDriver
Capabilities {acceptInsecureCerts: false, acceptSslCerts: false, applicationCacheEnabled: false, browserConnectionEnabled: false, browserName: chrome, chrome: {chromedriverVersion: 2.36.540470 (e522d04694c7eb..., userDataDir: C:\Users\sumodadu\AppData\L...}, cssSelectorsEnabled: true, databaseEnabled: false, handlesAlerts: true, hasTouchScreen: false, javascriptEnabled: true, locationContextEnabled: true, mobileEmulationEnabled: false, nativeEvents: true, networkConnectionEnabled: false, pageLoadStrategy: normal, platform: XP, platformName: XP, rotatable: false, setWindowRect: true, takesHeapSnapshot: true, takesScreenshot: true, unexpectedAlertBehaviour: , unhandledPromptBehavior: , version: 73.0.3683.86, webStorageEnabled: true}
Session ID: 7b9a87237fa524b0ba96d118d6bf8aac
at org.openqa.selenium.remote.ErrorHandler.createThrowable(ErrorHandler.java:214)
at org.openqa.selenium.remote.ErrorHandler.throwIfResponseFailed(ErrorHandler.java:166)
at org.openqa.selenium.remote.http.JsonHttpResponseCodec.reconstructValue(JsonHttpResponseCodec.java:40)
at org.openqa.selenium.remote.http.AbstractHttpResponseCodec.decode(AbstractHttpResponseCodec.java:80)
at org.openqa.selenium.remote.http.AbstractHttpResponseCodec.decode(AbstractHttpResponseCodec.java:44)
at org.openqa.selenium.remote.HttpCommandExecutor.execute(HttpCommandExecutor.java:158)
at org.openqa.selenium.remote.service.DriverCommandExecutor.execute(DriverCommandExecutor.java:83)
at org.openqa.selenium.remote.RemoteWebDriver.execute(RemoteWebDriver.java:552)
at org.openqa.selenium.remote.RemoteWebDriver.get(RemoteWebDriver.java:277)
at com.task.leadsschool.in.LeadSchoolTask.SetUp.setUpMethod(SetUp.java:20)
at com.task.leadsschool.in.LeadSchoolTask.TestClass.launchBrowserAndNavigation(TestClass.java:33)
... Removed 32 stack frames]]>
    </failure>
  </testcase> <!-- @BeforeMethod launchBrowserAndNavigation -->
  <testcase name="@AfterMethod tearDown" time="0.0" classname="com.task.leadsschool.in.LeadSchoolTask.TestClass">
    <skipped/>
  </testcase> <!-- @AfterMethod tearDown -->
  <testcase name="@BeforeMethod launchBrowserAndNavigation" time="0.0" classname="com.task.leadsschool.in.LeadSchoolTask.TestClass">
    <skipped/>
  </testcase> <!-- @BeforeMethod launchBrowserAndNavigation -->
  <testcase name="@AfterMethod tearDown" time="0.0" classname="com.task.leadsschool.in.LeadSchoolTask.TestClass">
    <skipped/>
  </testcase> <!-- @AfterMethod tearDown -->
  <testcase name="@BeforeMethod launchBrowserAndNavigation" time="0.0" classname="com.task.leadsschool.in.LeadSchoolTask.TestClass">
    <skipped/>
  </testcase> <!-- @BeforeMethod launchBrowserAndNavigation -->
  <testcase name="@AfterMethod tearDown" time="0.0" classname="com.task.leadsschool.in.LeadSchoolTask.TestClass">
    <skipped/>
  </testcase> <!-- @AfterMethod tearDown -->
  <testcase name="change_to_new_pin_code" time="12.007" classname="com.task.leadsschool.in.LeadSchoolTask.TestClass"/>
  <testcase name="count_number_of_banners" time="0.0" classname="com.task.leadsschool.in.LeadSchoolTask.TestClass">
    <skipped/>
  </testcase> <!-- count_number_of_banners -->
  <testcase name="login_flow_with_correct_details" time="0.0" classname="com.task.leadsschool.in.LeadSchoolTask.TestClass">
    <skipped/>
  </testcase> <!-- login_flow_with_correct_details -->
  <testcase name="test_SigninLinkIsWorking" time="0.0" classname="com.task.leadsschool.in.LeadSchoolTask.TestClass">
    <skipped/>
  </testcase> <!-- test_SigninLinkIsWorking -->
</testsuite> <!-- Test -->
